<?xml version="1.0" encoding="UTF-8"?>
<testng-results total="3" passed="3" failed="0" skipped="0">
  <reporter-output>
  </reporter-output>
  <suite started-at="2022-02-25T09:14:23Z" name="Default suite" finished-at="2022-02-25T09:14:27Z" duration-ms="4571">
    <groups>
    </groups>
    <test started-at="2022-02-25T09:14:23Z" name="Default test" finished-at="2022-02-25T09:14:27Z" duration-ms="4571">
      <class name="ProfileTest">
        <test-method is-config="true" signature="beforeTest()[pri:0, instance:ProfileTest@30af5b6b]" started-at="2022-02-25T17:14:23Z" name="beforeTest" finished-at="2022-02-25T17:14:24Z" duration-ms="1222" status="PASS">
          <reporter-output>
          </reporter-output>
        </test-method> <!-- beforeTest -->
        <test-method signature="deleteTest()[pri:0, instance:ProfileTest@30af5b6b]" started-at="2022-02-25T17:14:24Z" name="deleteTest" finished-at="2022-02-25T17:14:25Z" duration-ms="1420" status="PASS">
          <reporter-output>
          </reporter-output>
        </test-method> <!-- deleteTest -->
        <test-method signature="retrieveTest()[pri:0, instance:ProfileTest@30af5b6b]" started-at="2022-02-25T17:14:25Z" name="retrieveTest" finished-at="2022-02-25T17:14:26Z" duration-ms="799" status="PASS">
          <reporter-output>
          </reporter-output>
        </test-method> <!-- retrieveTest -->
        <test-method signature="updateTest()[pri:0, instance:ProfileTest@30af5b6b]" started-at="2022-02-25T17:14:26Z" name="updateTest" finished-at="2022-02-25T17:14:27Z" duration-ms="1117" status="PASS">
          <reporter-output>
          </reporter-output>
        </test-method> <!-- updateTest -->
        <test-method is-config="true" signature="afterTest()[pri:0, instance:ProfileTest@30af5b6b]" started-at="2022-02-25T17:14:27Z" name="afterTest" finished-at="2022-02-25T17:14:27Z" duration-ms="1" status="PASS">
          <reporter-output>
          </reporter-output>
        </test-method> <!-- afterTest -->
      </class> <!-- ProfileTest -->
    </test> <!-- Default test -->
  </suite> <!-- Default suite -->
</testng-results>
