<?xml version="1.0" encoding="UTF-8"?>
<testng-results total="3" passed="3" failed="0" skipped="0">
  <reporter-output>
  </reporter-output>
  <suite started-at="2022-02-25T12:23:11Z" name="Default suite" finished-at="2022-02-25T12:23:15Z" duration-ms="4150">
    <groups>
    </groups>
    <test started-at="2022-02-25T12:23:11Z" name="Default test" finished-at="2022-02-25T12:23:15Z" duration-ms="4150">
      <class name="ProfileTest">
        <test-method is-config="true" signature="beforeTest()[pri:0, instance:ProfileTest@30af5b6b]" started-at="2022-02-25T20:23:11Z" name="beforeTest" finished-at="2022-02-25T20:23:12Z" duration-ms="1164" status="PASS">
          <reporter-output>
          </reporter-output>
        </test-method> <!-- beforeTest -->
        <test-method signature="deleteTest()[pri:0, instance:ProfileTest@30af5b6b]" started-at="2022-02-25T20:23:12Z" name="deleteTest" finished-at="2022-02-25T20:23:13Z" duration-ms="957" status="PASS">
          <reporter-output>
          </reporter-output>
        </test-method> <!-- deleteTest -->
        <test-method signature="retrieveTest()[pri:0, instance:ProfileTest@30af5b6b]" started-at="2022-02-25T20:23:13Z" name="retrieveTest" finished-at="2022-02-25T20:23:14Z" duration-ms="900" status="PASS">
          <reporter-output>
          </reporter-output>
        </test-method> <!-- retrieveTest -->
        <test-method signature="updateTest()[pri:0, instance:ProfileTest@30af5b6b]" started-at="2022-02-25T20:23:14Z" name="updateTest" finished-at="2022-02-25T20:23:15Z" duration-ms="1111" status="PASS">
          <reporter-output>
          </reporter-output>
        </test-method> <!-- updateTest -->
        <test-method is-config="true" signature="afterTest()[pri:0, instance:ProfileTest@30af5b6b]" started-at="2022-02-25T20:23:15Z" name="afterTest" finished-at="2022-02-25T20:23:15Z" duration-ms="0" status="PASS">
          <reporter-output>
          </reporter-output>
        </test-method> <!-- afterTest -->
      </class> <!-- ProfileTest -->
    </test> <!-- Default test -->
  </suite> <!-- Default suite -->
</testng-results>
